c:\users\semen\documents\visual studio 2015\lab2cpp\lab2cpp\debug\vc142.pdb
c:\users\semen\documents\visual studio 2015\lab2cpp\lab2cpp\debug\vc142.idb
c:\users\semen\documents\visual studio 2015\lab2cpp\lab2cpp\debug\sortvalidator.obj
c:\users\semen\documents\visual studio 2015\lab2cpp\lab2cpp\debug\sortparser.obj
c:\users\semen\documents\visual studio 2015\lab2cpp\lab2cpp\debug\sort.obj
c:\users\semen\documents\visual studio 2015\lab2cpp\lab2cpp\debug\schemeparser.obj
c:\users\semen\documents\visual studio 2015\lab2cpp\lab2cpp\debug\scheme.obj
c:\users\semen\documents\visual studio 2015\lab2cpp\lab2cpp\debug\replacevalidator.obj
c:\users\semen\documents\visual studio 2015\lab2cpp\lab2cpp\debug\replaceparser.obj
c:\users\semen\documents\visual studio 2015\lab2cpp\lab2cpp\debug\replace.obj
c:\users\semen\documents\visual studio 2015\lab2cpp\lab2cpp\debug\readfilevalidator.obj
c:\users\semen\documents\visual studio 2015\lab2cpp\lab2cpp\debug\readfileparser.obj
c:\users\semen\documents\visual studio 2015\lab2cpp\lab2cpp\debug\readfile.obj
c:\users\semen\documents\visual studio 2015\lab2cpp\lab2cpp\debug\parser.obj
c:\users\semen\documents\visual studio 2015\lab2cpp\lab2cpp\debug\iworker.obj
c:\users\semen\documents\visual studio 2015\lab2cpp\lab2cpp\debug\grepvalidator.obj
c:\users\semen\documents\visual studio 2015\lab2cpp\lab2cpp\debug\grepparser.obj
c:\users\semen\documents\visual studio 2015\lab2cpp\lab2cpp\debug\grep.obj
c:\users\semen\documents\visual studio 2015\lab2cpp\lab2cpp\debug\dumpvalidator.obj
c:\users\semen\documents\visual studio 2015\lab2cpp\lab2cpp\debug\dumpparser.obj
c:\users\semen\documents\visual studio 2015\lab2cpp\lab2cpp\debug\dump.obj
c:\users\semen\documents\visual studio 2015\lab2cpp\lab2cpp\debug\source.obj
c:\users\semen\documents\visual studio 2015\lab2cpp\lab2cpp\debug\writefileparser.obj
c:\users\semen\documents\visual studio 2015\lab2cpp\lab2cpp\debug\writefile.obj
c:\users\semen\documents\visual studio 2015\lab2cpp\lab2cpp\debug\validator.obj
c:\users\semen\documents\visual studio 2015\lab2cpp\lab2cpp\debug\strextd.obj
c:\users\semen\documents\visual studio 2015\lab2cpp\lab2cpp\debug\writefilevalidator.obj
c:\users\semen\documents\visual studio 2015\lab2cpp\lab2cpp\debug\workflow.obj
c:\users\semen\documents\visual studio 2015\lab2cpp\lab2cpp\debug\schemevalidator.obj
c:\users\semen\documents\visual studio 2015\lab2cpp\lab2cpp\debug\validationexception.obj
c:\users\semen\documents\visual studio 2015\lab2cpp\lab2cpp\debug\parsingexception.obj
c:\users\semen\documents\visual studio 2015\lab2cpp\lab2cpp\debug\executionexception.obj
c:\users\semen\documents\visual studio 2015\lab2cpp\debug\lab2cpp.lib
c:\users\semen\documents\visual studio 2015\lab2cpp\debug\lab2cpp.exp
c:\users\semen\documents\visual studio 2015\lab2cpp\debug\lab2cpp.exe
c:\users\semen\documents\visual studio 2015\lab2cpp\debug\lab2cpp.ilk
c:\users\semen\documents\visual studio 2015\lab2cpp\debug\lab2cpp.pdb
c:\users\semen\documents\visual studio 2015\lab2cpp\lab2cpp\debug\lab2cpp.idb
c:\users\semen\documents\visual studio 2015\lab2cpp\lab2cpp\debug\lab2cpp.pdb
c:\users\semen\documents\visual studio 2015\lab2cpp\lab2cpp\debug\lab2cpp.tlog\cl.command.1.tlog
c:\users\semen\documents\visual studio 2015\lab2cpp\lab2cpp\debug\lab2cpp.tlog\cl.read.1.tlog
c:\users\semen\documents\visual studio 2015\lab2cpp\lab2cpp\debug\lab2cpp.tlog\cl.write.1.tlog
c:\users\semen\documents\visual studio 2015\lab2cpp\lab2cpp\debug\lab2cpp.tlog\lab2cpp.write.1u.tlog
c:\users\semen\documents\visual studio 2015\lab2cpp\lab2cpp\debug\lab2cpp.tlog\lib-link.read.1.tlog
c:\users\semen\documents\visual studio 2015\lab2cpp\lab2cpp\debug\lab2cpp.tlog\lib-link.write.1.tlog
c:\users\semen\documents\visual studio 2015\lab2cpp\lab2cpp\debug\lab2cpp.tlog\lib.command.1.tlog
c:\users\semen\documents\visual studio 2015\lab2cpp\lab2cpp\debug\lab2cpp.tlog\link.10360.delete.1.tlog
c:\users\semen\documents\visual studio 2015\lab2cpp\lab2cpp\debug\lab2cpp.tlog\link.10888.delete.1.tlog
c:\users\semen\documents\visual studio 2015\lab2cpp\lab2cpp\debug\lab2cpp.tlog\link.11292.delete.1.tlog
c:\users\semen\documents\visual studio 2015\lab2cpp\lab2cpp\debug\lab2cpp.tlog\link.11440.delete.1.tlog
c:\users\semen\documents\visual studio 2015\lab2cpp\lab2cpp\debug\lab2cpp.tlog\link.11960.delete.1.tlog
c:\users\semen\documents\visual studio 2015\lab2cpp\lab2cpp\debug\lab2cpp.tlog\link.12776.delete.1.tlog
c:\users\semen\documents\visual studio 2015\lab2cpp\lab2cpp\debug\lab2cpp.tlog\link.12852.delete.1.tlog
c:\users\semen\documents\visual studio 2015\lab2cpp\lab2cpp\debug\lab2cpp.tlog\link.13040.delete.1.tlog
c:\users\semen\documents\visual studio 2015\lab2cpp\lab2cpp\debug\lab2cpp.tlog\link.13092.delete.1.tlog
c:\users\semen\documents\visual studio 2015\lab2cpp\lab2cpp\debug\lab2cpp.tlog\link.13500.delete.1.tlog
c:\users\semen\documents\visual studio 2015\lab2cpp\lab2cpp\debug\lab2cpp.tlog\link.13664.delete.1.tlog
c:\users\semen\documents\visual studio 2015\lab2cpp\lab2cpp\debug\lab2cpp.tlog\link.13800.delete.1.tlog
c:\users\semen\documents\visual studio 2015\lab2cpp\lab2cpp\debug\lab2cpp.tlog\link.14292.delete.1.tlog
c:\users\semen\documents\visual studio 2015\lab2cpp\lab2cpp\debug\lab2cpp.tlog\link.14296.delete.1.tlog
c:\users\semen\documents\visual studio 2015\lab2cpp\lab2cpp\debug\lab2cpp.tlog\link.14740.delete.1.tlog
c:\users\semen\documents\visual studio 2015\lab2cpp\lab2cpp\debug\lab2cpp.tlog\link.14744.delete.1.tlog
c:\users\semen\documents\visual studio 2015\lab2cpp\lab2cpp\debug\lab2cpp.tlog\link.14948.delete.1.tlog
c:\users\semen\documents\visual studio 2015\lab2cpp\lab2cpp\debug\lab2cpp.tlog\link.15692.delete.1.tlog
c:\users\semen\documents\visual studio 2015\lab2cpp\lab2cpp\debug\lab2cpp.tlog\link.15796.delete.1.tlog
c:\users\semen\documents\visual studio 2015\lab2cpp\lab2cpp\debug\lab2cpp.tlog\link.15832.delete.1.tlog
c:\users\semen\documents\visual studio 2015\lab2cpp\lab2cpp\debug\lab2cpp.tlog\link.15864.delete.1.tlog
c:\users\semen\documents\visual studio 2015\lab2cpp\lab2cpp\debug\lab2cpp.tlog\link.16468.delete.1.tlog
c:\users\semen\documents\visual studio 2015\lab2cpp\lab2cpp\debug\lab2cpp.tlog\link.16912.delete.1.tlog
c:\users\semen\documents\visual studio 2015\lab2cpp\lab2cpp\debug\lab2cpp.tlog\link.17460.delete.1.tlog
c:\users\semen\documents\visual studio 2015\lab2cpp\lab2cpp\debug\lab2cpp.tlog\link.17540.delete.1.tlog
c:\users\semen\documents\visual studio 2015\lab2cpp\lab2cpp\debug\lab2cpp.tlog\link.17556.delete.1.tlog
c:\users\semen\documents\visual studio 2015\lab2cpp\lab2cpp\debug\lab2cpp.tlog\link.17616.delete.1.tlog
c:\users\semen\documents\visual studio 2015\lab2cpp\lab2cpp\debug\lab2cpp.tlog\link.18264.delete.1.tlog
c:\users\semen\documents\visual studio 2015\lab2cpp\lab2cpp\debug\lab2cpp.tlog\link.2952.delete.1.tlog
c:\users\semen\documents\visual studio 2015\lab2cpp\lab2cpp\debug\lab2cpp.tlog\link.3404.delete.1.tlog
c:\users\semen\documents\visual studio 2015\lab2cpp\lab2cpp\debug\lab2cpp.tlog\link.3516.delete.1.tlog
c:\users\semen\documents\visual studio 2015\lab2cpp\lab2cpp\debug\lab2cpp.tlog\link.3624.delete.1.tlog
c:\users\semen\documents\visual studio 2015\lab2cpp\lab2cpp\debug\lab2cpp.tlog\link.3776.delete.1.tlog
c:\users\semen\documents\visual studio 2015\lab2cpp\lab2cpp\debug\lab2cpp.tlog\link.4612.delete.1.tlog
c:\users\semen\documents\visual studio 2015\lab2cpp\lab2cpp\debug\lab2cpp.tlog\link.4912.delete.1.tlog
c:\users\semen\documents\visual studio 2015\lab2cpp\lab2cpp\debug\lab2cpp.tlog\link.4972.delete.1.tlog
c:\users\semen\documents\visual studio 2015\lab2cpp\lab2cpp\debug\lab2cpp.tlog\link.6128.delete.1.tlog
c:\users\semen\documents\visual studio 2015\lab2cpp\lab2cpp\debug\lab2cpp.tlog\link.6240.delete.1.tlog
c:\users\semen\documents\visual studio 2015\lab2cpp\lab2cpp\debug\lab2cpp.tlog\link.6312.delete.1.tlog
c:\users\semen\documents\visual studio 2015\lab2cpp\lab2cpp\debug\lab2cpp.tlog\link.6356.delete.1.tlog
c:\users\semen\documents\visual studio 2015\lab2cpp\lab2cpp\debug\lab2cpp.tlog\link.6732.delete.1.tlog
c:\users\semen\documents\visual studio 2015\lab2cpp\lab2cpp\debug\lab2cpp.tlog\link.6776.delete.1.tlog
c:\users\semen\documents\visual studio 2015\lab2cpp\lab2cpp\debug\lab2cpp.tlog\link.6792.delete.1.tlog
c:\users\semen\documents\visual studio 2015\lab2cpp\lab2cpp\debug\lab2cpp.tlog\link.7364.delete.1.tlog
c:\users\semen\documents\visual studio 2015\lab2cpp\lab2cpp\debug\lab2cpp.tlog\link.7792.delete.1.tlog
c:\users\semen\documents\visual studio 2015\lab2cpp\lab2cpp\debug\lab2cpp.tlog\link.8292.delete.1.tlog
c:\users\semen\documents\visual studio 2015\lab2cpp\lab2cpp\debug\lab2cpp.tlog\link.9032.delete.1.tlog
c:\users\semen\documents\visual studio 2015\lab2cpp\lab2cpp\debug\lab2cpp.tlog\link.9220.delete.1.tlog
c:\users\semen\documents\visual studio 2015\lab2cpp\lab2cpp\debug\lab2cpp.tlog\link.9224.delete.1.tlog
c:\users\semen\documents\visual studio 2015\lab2cpp\lab2cpp\debug\lab2cpp.tlog\link.9916.delete.1.tlog
c:\users\semen\documents\visual studio 2015\lab2cpp\lab2cpp\debug\lab2cpp.tlog\link.command.1.tlog
c:\users\semen\documents\visual studio 2015\lab2cpp\lab2cpp\debug\lab2cpp.tlog\link.read.1.tlog
c:\users\semen\documents\visual studio 2015\lab2cpp\lab2cpp\debug\lab2cpp.tlog\link.write.1.tlog
